                                      1 ;--------------------------------------------------------
                                      2 ; File Created by SDCC : free open source ANSI-C Compiler
                                      3 ; Version 4.1.0 #12072 (MINGW64)
                                      4 ;--------------------------------------------------------
                                      5 	.module main
                                      6 	.optsdcc -mstm8
                                      7 	
                                      8 ;--------------------------------------------------------
                                      9 ; Public variables in this module
                                     10 ;--------------------------------------------------------
                                     11 	.globl _main
                                     12 	.globl _TIM4_ClearFlag
                                     13 	.globl _TIM4_GetFlagStatus
                                     14 	.globl _TIM4_SetCounter
                                     15 	.globl _TIM4_Cmd
                                     16 	.globl _TIM4_TimeBaseInit
                                     17 	.globl _GPIO_WriteReverse
                                     18 	.globl _GPIO_Init
                                     19 	.globl _GPIO_DeInit
                                     20 	.globl _CLK_HSIPrescalerConfig
                                     21 	.globl _delay_ms
                                     22 ;--------------------------------------------------------
                                     23 ; ram data
                                     24 ;--------------------------------------------------------
                                     25 	.area DATA
                                     26 ;--------------------------------------------------------
                                     27 ; ram data
                                     28 ;--------------------------------------------------------
                                     29 	.area INITIALIZED
                                     30 ;--------------------------------------------------------
                                     31 ; Stack segment in internal ram 
                                     32 ;--------------------------------------------------------
                                     33 	.area	SSEG
      000000                         34 __start__stack:
      000000                         35 	.ds	1
                                     36 
                                     37 ;--------------------------------------------------------
                                     38 ; absolute external ram data
                                     39 ;--------------------------------------------------------
                                     40 	.area DABS (ABS)
                                     41 
                                     42 ; default segment ordering for linker
                                     43 	.area HOME
                                     44 	.area GSINIT
                                     45 	.area GSFINAL
                                     46 	.area CONST
                                     47 	.area INITIALIZER
                                     48 	.area CODE
                                     49 
                                     50 ;--------------------------------------------------------
                                     51 ; interrupt vector 
                                     52 ;--------------------------------------------------------
                                     53 	.area HOME
      000000                         54 __interrupt_vect:
      000000 82v00u00u00             55 	int s_GSINIT ; reset
                                     56 ;--------------------------------------------------------
                                     57 ; global & static initialisations
                                     58 ;--------------------------------------------------------
                                     59 	.area HOME
                                     60 	.area GSINIT
                                     61 	.area GSFINAL
                                     62 	.area GSINIT
      000000                         63 __sdcc_init_data:
                                     64 ; stm8_genXINIT() start
      000000 AEr00r00         [ 2]   65 	ldw x, #l_DATA
      000003 27 07            [ 1]   66 	jreq	00002$
      000005                         67 00001$:
      000005 72 4FuFFuFF      [ 1]   68 	clr (s_DATA - 1, x)
      000009 5A               [ 2]   69 	decw x
      00000A 26 F9            [ 1]   70 	jrne	00001$
      00000C                         71 00002$:
      00000C AEr00r00         [ 2]   72 	ldw	x, #l_INITIALIZER
      00000F 27 09            [ 1]   73 	jreq	00004$
      000011                         74 00003$:
      000011 D6uFFuFF         [ 1]   75 	ld	a, (s_INITIALIZER - 1, x)
      000014 D7uFFuFF         [ 1]   76 	ld	(s_INITIALIZED - 1, x), a
      000017 5A               [ 2]   77 	decw	x
      000018 26 F7            [ 1]   78 	jrne	00003$
      00001A                         79 00004$:
                                     80 ; stm8_genXINIT() end
                                     81 	.area GSFINAL
      000000 CCr00r04         [ 2]   82 	jp	__sdcc_program_startup
                                     83 ;--------------------------------------------------------
                                     84 ; Home
                                     85 ;--------------------------------------------------------
                                     86 	.area HOME
                                     87 	.area HOME
      000004                         88 __sdcc_program_startup:
      000004 CCr00r2A         [ 2]   89 	jp	_main
                                     90 ;	return from main will return to caller
                                     91 ;--------------------------------------------------------
                                     92 ; code
                                     93 ;--------------------------------------------------------
                                     94 	.area CODE
                                     95 ;	main.c: 5: void delay_ms(uint16_t u16Delay)
                                     96 ;	-----------------------------------------
                                     97 ;	 function delay_ms
                                     98 ;	-----------------------------------------
      000000                         99 _delay_ms:
      000000 52 02            [ 2]  100 	sub	sp, #2
                                    101 ;	main.c: 8: while (u16Delay)
      000002 16 05            [ 2]  102 	ldw	y, (0x05, sp)
      000004 17 01            [ 2]  103 	ldw	(0x01, sp), y
      000006                        104 00104$:
      000006 1E 01            [ 2]  105 	ldw	x, (0x01, sp)
      000008 27 1D            [ 1]  106 	jreq	00107$
                                    107 ;	main.c: 10: TIM4_SetCounter(0);
      00000A 4B 00            [ 1]  108 	push	#0x00
      00000C CDr00r00         [ 4]  109 	call	_TIM4_SetCounter
      00000F 84               [ 1]  110 	pop	a
                                    111 ;	main.c: 11: TIM4_ClearFlag(TIM4_FLAG_UPDATE);
      000010 4B 01            [ 1]  112 	push	#0x01
      000012 CDr00r00         [ 4]  113 	call	_TIM4_ClearFlag
      000015 84               [ 1]  114 	pop	a
                                    115 ;	main.c: 12: while (TIM4_GetFlagStatus(TIM4_FLAG_UPDATE) == RESET)
      000016                        116 00101$:
      000016 4B 01            [ 1]  117 	push	#0x01
      000018 CDr00r00         [ 4]  118 	call	_TIM4_GetFlagStatus
      00001B 5B 01            [ 2]  119 	addw	sp, #1
      00001D 4D               [ 1]  120 	tnz	a
      00001E 27 F6            [ 1]  121 	jreq	00101$
                                    122 ;	main.c: 15: --u16Delay;
      000020 1E 01            [ 2]  123 	ldw	x, (0x01, sp)
      000022 5A               [ 2]  124 	decw	x
      000023 1F 01            [ 2]  125 	ldw	(0x01, sp), x
      000025 20 DF            [ 2]  126 	jra	00104$
      000027                        127 00107$:
                                    128 ;	main.c: 17: }
      000027 5B 02            [ 2]  129 	addw	sp, #2
      000029 81               [ 4]  130 	ret
                                    131 ;	main.c: 19: void main(void)
                                    132 ;	-----------------------------------------
                                    133 ;	 function main
                                    134 ;	-----------------------------------------
      00002A                        135 _main:
                                    136 ;	main.c: 22: CLK_HSIPrescalerConfig(CLK_PRESCALER_HSIDIV1);
      00002A 4B 00            [ 1]  137 	push	#0x00
      00002C CDr00r00         [ 4]  138 	call	_CLK_HSIPrescalerConfig
      00002F 84               [ 1]  139 	pop	a
                                    140 ;	main.c: 23: GPIO_DeInit(GPIOB);
      000030 4B 05            [ 1]  141 	push	#0x05
      000032 4B 50            [ 1]  142 	push	#0x50
      000034 CDr00r00         [ 4]  143 	call	_GPIO_DeInit
      000037 5B 02            [ 2]  144 	addw	sp, #2
                                    145 ;	main.c: 24: GPIO_Init(GPIOB, GPIO_PIN_5, GPIO_MODE_OUT_PP_LOW_FAST);
      000039 4B E0            [ 1]  146 	push	#0xe0
      00003B 4B 20            [ 1]  147 	push	#0x20
      00003D 4B 05            [ 1]  148 	push	#0x05
      00003F 4B 50            [ 1]  149 	push	#0x50
      000041 CDr00r00         [ 4]  150 	call	_GPIO_Init
      000044 5B 04            [ 2]  151 	addw	sp, #4
                                    152 ;	main.c: 25: TIM4_TimeBaseInit(TIM4_PRESCALER_128, 125 - 1);
      000046 4B 7C            [ 1]  153 	push	#0x7c
      000048 4B 07            [ 1]  154 	push	#0x07
      00004A CDr00r00         [ 4]  155 	call	_TIM4_TimeBaseInit
      00004D 5B 02            [ 2]  156 	addw	sp, #2
                                    157 ;	main.c: 26: TIM4_Cmd(ENABLE);
      00004F 4B 01            [ 1]  158 	push	#0x01
      000051 CDr00r00         [ 4]  159 	call	_TIM4_Cmd
      000054 84               [ 1]  160 	pop	a
                                    161 ;	main.c: 28: while (1)
      000055                        162 00102$:
                                    163 ;	main.c: 30: delay_ms(1000);
      000055 4B E8            [ 1]  164 	push	#0xe8
      000057 4B 03            [ 1]  165 	push	#0x03
      000059 CDr00r00         [ 4]  166 	call	_delay_ms
      00005C 5B 02            [ 2]  167 	addw	sp, #2
                                    168 ;	main.c: 31: GPIO_WriteReverse(GPIOB, GPIO_PIN_5);
      00005E 4B 20            [ 1]  169 	push	#0x20
      000060 4B 05            [ 1]  170 	push	#0x05
      000062 4B 50            [ 1]  171 	push	#0x50
      000064 CDr00r00         [ 4]  172 	call	_GPIO_WriteReverse
      000067 5B 03            [ 2]  173 	addw	sp, #3
      000069 20 EA            [ 2]  174 	jra	00102$
                                    175 ;	main.c: 33: }
      00006B 81               [ 4]  176 	ret
                                    177 	.area CODE
                                    178 	.area CONST
                                    179 	.area INITIALIZER
                                    180 	.area CABS (ABS)
